<?xml version="1.0" encoding="UTF-8"?>
<!-- Generated by org.testng.reporters.JUnitReportReporter -->
<testsuite hostname="Seachange-PC" name="quality_Admin.FormTypeLibraryTest" tests="2" failures="0" timestamp="25 May 2017 12:19:44 GMT" time="37.512" errors="0">
  <testcase name="FromType" time="28.703" classname="quality_Admin.FormTypeLibraryTest"/>
  <testcase name="FormTypeLibrary" time="8.809" classname="quality_Admin.FormTypeLibraryTest"/>
</testsuite> <!-- quality_Admin.FormTypeLibraryTest -->
