<?xml version="1.0" encoding="UTF-8"?>
<!-- Generated by org.testng.reporters.JUnitReportReporter -->
<testsuite hostname="Seachange-PC" name="quality_Admin.FBMReadAccessTest" tests="2" failures="0" timestamp="25 May 2017 12:19:44 GMT" time="36.088" errors="0">
  <testcase name="FBMReadAcces" time="8.907" classname="quality_Admin.FBMReadAccessTest"/>
  <testcase name="Assignment" time="27.181" classname="quality_Admin.FBMReadAccessTest"/>
</testsuite> <!-- quality_Admin.FBMReadAccessTest -->
