<?xml version="1.0" encoding="UTF-8"?>
<!-- Generated by org.testng.reporters.JUnitReportReporter -->
<testsuite hostname="Seachange-PC" name="technical_Admin.ERLogTHRESHOLDTest" tests="2" failures="0" timestamp="25 May 2017 11:11:54 GMT" time="73.554" errors="0">
  <testcase name="CopyThreshold" time="65.559" classname="technical_Admin.ERLogTHRESHOLDTest"/>
  <testcase name="Threshold" time="7.995" classname="technical_Admin.ERLogTHRESHOLDTest"/>
</testsuite> <!-- technical_Admin.ERLogTHRESHOLDTest -->
