<?xml version="1.0" encoding="UTF-8"?>
<!-- Generated by org.testng.reporters.JUnitReportReporter -->
<testsuite hostname="Seachange-PC" name="technical_Admin.InspectionTypeTest" tests="6" failures="0" timestamp="25 May 2017 11:11:54 GMT" time="125.697" errors="0">
  <testcase name="InspectionType" time="11.130" classname="technical_Admin.InspectionTypeTest"/>
  <testcase name="Searchandedit" time="16.708" classname="technical_Admin.InspectionTypeTest"/>
  <testcase name="Blankname" time="12.361" classname="technical_Admin.InspectionTypeTest"/>
  <testcase name="Delete" time="50.125" classname="technical_Admin.InspectionTypeTest"/>
  <testcase name="EditName" time="23.023" classname="technical_Admin.InspectionTypeTest"/>
  <testcase name="AddInspection" time="12.350" classname="technical_Admin.InspectionTypeTest"/>
</testsuite> <!-- technical_Admin.InspectionTypeTest -->
