<?xml version="1.0" encoding="UTF-8"?>
<!-- Generated by org.testng.reporters.JUnitReportReporter -->
<testsuite hostname="Seachange-PC" name="technical_Admin.AlarmEffectTest" tests="5" failures="0" timestamp="25 May 2017 11:11:54 GMT" time="95.884" errors="0">
  <testcase name="EditBlank" time="18.434" classname="technical_Admin.AlarmEffectTest"/>
  <testcase name="AlarmEffects" time="11.365" classname="technical_Admin.AlarmEffectTest"/>
  <testcase name="Delete" time="16.452" classname="technical_Admin.AlarmEffectTest"/>
  <testcase name="AddNewEffect" time="27.939" classname="technical_Admin.AlarmEffectTest"/>
  <testcase name="EditEffect" time="21.694" classname="technical_Admin.AlarmEffectTest"/>
</testsuite> <!-- technical_Admin.AlarmEffectTest -->
