<?xml version="1.0" encoding="UTF-8"?>
<!-- Generated by org.testng.reporters.JUnitReportReporter -->
<testsuite hostname="Seachange-PC" name="technical_Admin.PMSAccessTest" tests="9" failures="0" timestamp="25 May 2017 11:11:54 GMT" time="117.667" errors="0">
  <testcase name="ActionTypeVerify" time="9.403" classname="technical_Admin.PMSAccessTest"/>
  <testcase name="TotalRecords" time="6.286" classname="technical_Admin.PMSAccessTest"/>
  <testcase name="EditPMSAccess" time="16.518" classname="technical_Admin.PMSAccessTest"/>
  <testcase name="AddPMSAccess" time="16.429" classname="technical_Admin.PMSAccessTest"/>
  <testcase name="AddPMSAccessD" time="16.469" classname="technical_Admin.PMSAccessTest"/>
  <testcase name="ActionTypeDelete" time="9.437" classname="technical_Admin.PMSAccessTest"/>
  <testcase name="Add1" time="23.558" classname="technical_Admin.PMSAccessTest"/>
  <testcase name="PMSAccess1" time="10.177" classname="technical_Admin.PMSAccessTest"/>
  <testcase name="Delete" time="9.390" classname="technical_Admin.PMSAccessTest"/>
</testsuite> <!-- technical_Admin.PMSAccessTest -->
