<?xml version="1.0" encoding="UTF-8"?>
<!-- Generated by org.testng.reporters.JUnitReportReporter -->
<testsuite hostname="Seachange-PC" name="technical_Admin.WorklistAccessRightsTest" tests="5" failures="0" timestamp="25 May 2017 11:11:54 GMT" time="92.905" errors="0">
  <testcase name="delete" time="8.255" classname="technical_Admin.WorklistAccessRightsTest"/>
  <testcase name="editrecord" time="15.671" classname="technical_Admin.WorklistAccessRightsTest"/>
  <testcase name="alertuserName" time="32.800" classname="technical_Admin.WorklistAccessRightsTest"/>
  <testcase name="WokrlistModule" time="30.928" classname="technical_Admin.WorklistAccessRightsTest"/>
  <testcase name="search" time="5.251" classname="technical_Admin.WorklistAccessRightsTest"/>
</testsuite> <!-- technical_Admin.WorklistAccessRightsTest -->
