<?xml version="1.0" encoding="UTF-8"?>
<!-- Generated by org.testng.reporters.JUnitReportReporter -->
<testsuite hostname="Seachange-PC" name="technical_Admin.WorklistAssignerListTest" tests="2" failures="0" timestamp="25 May 2017 11:11:54 GMT" time="89.379" errors="0">
  <testcase name="Alert" time="43.282" classname="technical_Admin.WorklistAssignerListTest"/>
  <testcase name="WorklistAssignerListindex" time="46.097" classname="technical_Admin.WorklistAssignerListTest"/>
</testsuite> <!-- technical_Admin.WorklistAssignerListTest -->
