<?xml version="1.0" encoding="UTF-8"?>
<!-- Generated by org.testng.reporters.JUnitReportReporter -->
<testsuite hostname="Seachange-PC" name="technical_Admin.AlarmUnitTest" tests="6" failures="0" timestamp="25 May 2017 11:11:54 GMT" time="168.203" errors="0">
  <testcase name="EditBlank" time="18.448" classname="technical_Admin.AlarmUnitTest"/>
  <testcase name="EditUnit" time="23.733" classname="technical_Admin.AlarmUnitTest"/>
  <testcase name="Delete" time="49.361" classname="technical_Admin.AlarmUnitTest"/>
  <testcase name="AddNewUnit" time="65.243" classname="technical_Admin.AlarmUnitTest"/>
  <testcase name="PMSAlarmUnit" time="3.196" classname="technical_Admin.AlarmUnitTest"/>
  <testcase name="AlarmUnit" time="8.222" classname="technical_Admin.AlarmUnitTest"/>
</testsuite> <!-- technical_Admin.AlarmUnitTest -->
