<?xml version="1.0" encoding="UTF-8"?>
<!-- Generated by org.testng.reporters.JUnitReportReporter -->
<testsuite hostname="Seachange-PC" name="technical_Admin.FunctionLibraryTest" tests="8" failures="0" timestamp="25 May 2017 11:11:54 GMT" time="222.396" errors="0">
  <testcase name="AddFunction" time="26.047" classname="technical_Admin.FunctionLibraryTest"/>
  <testcase name="TotalFunctionRecords" time="15.701" classname="technical_Admin.FunctionLibraryTest"/>
  <testcase name="FunctionsLibrary1" time="8.337" classname="technical_Admin.FunctionLibraryTest"/>
  <testcase name="EditFunction" time="35.112" classname="technical_Admin.FunctionLibraryTest"/>
  <testcase name="Blankcode" time="16.503" classname="technical_Admin.FunctionLibraryTest"/>
  <testcase name="DeleteFunction" time="75.915" classname="technical_Admin.FunctionLibraryTest"/>
  <testcase name="Samename" time="15.679" classname="technical_Admin.FunctionLibraryTest"/>
  <testcase name="AddFunctionname" time="29.102" classname="technical_Admin.FunctionLibraryTest"/>
</testsuite> <!-- technical_Admin.FunctionLibraryTest -->
