<?xml version="1.0" encoding="UTF-8"?>
<!-- Generated by org.testng.reporters.JUnitReportReporter -->
<testsuite hostname="Seachange-PC" name="technical_Admin.InspVesselAssignmentTest" tests="3" failures="0" timestamp="25 May 2017 11:11:54 GMT" time="41.443" errors="0">
  <testcase name="VesselAssignment" time="10.163" classname="technical_Admin.InspVesselAssignmentTest"/>
  <testcase name="SaveVesselAssignment1" time="14.569" classname="technical_Admin.InspVesselAssignmentTest"/>
  <testcase name="SaveVesselAssignment" time="16.711" classname="technical_Admin.InspVesselAssignmentTest"/>
</testsuite> <!-- technical_Admin.InspVesselAssignmentTest -->
