<?xml version="1.0" encoding="UTF-8"?>
<!-- Generated by org.testng.reporters.JUnitReportReporter -->
<testsuite hostname="Seachange-PC" name="travel_Admin.TravelAdminTest" tests="2" failures="0" timestamp="25 May 2017 12:19:44 GMT" time="46.483" errors="0">
  <testcase name="TravelQtnUserAssignmentg" time="40.210" classname="travel_Admin.TravelAdminTest"/>
  <testcase name="Travel" time="6.273" classname="travel_Admin.TravelAdminTest"/>
</testsuite> <!-- travel_Admin.TravelAdminTest -->
